16.03.2025 15:33:14	Этот журнал содержит сведения об операции импорта схемы в проект "DataBasePatPal" на компьютере "DESKTOP-UTLB74F", выполненной пользователем "erush".
16.03.2025 15:33:14	Импорт схемы базы данных начат.
16.03.2025 15:33:19	Идет сбор учетных данных для базы данных
16.03.2025 15:33:19	Идет сбор параметров базы данных
16.03.2025 15:33:19	Собирается параметр конфигурации области универсальной базы данных
16.03.2025 15:33:19	Идет сбор пользователей
16.03.2025 15:33:19	Идет сбор ролей
16.03.2025 15:33:19	Идет сбор ролей приложений
16.03.2025 15:33:19	Идет сбор членств ролей
16.03.2025 15:33:19	Идет сбор файловых групп
16.03.2025 15:33:19	Идет сбор полнотекстовых каталогов
16.03.2025 15:33:19	Идет сбор сборок
16.03.2025 15:33:19	Идет сбор сертификатов
16.03.2025 15:33:19	Идет сбор асимметричных ключей
16.03.2025 15:33:19	Идет сбор симметричных ключей
16.03.2025 15:33:19	Идет сбор зашифрованных симметричных ключей
16.03.2025 15:33:19	Идет сбор схем
16.03.2025 15:33:19	Идет сбор коллекции схем XML
16.03.2025 15:33:19	Идет сбор определяемых пользователем типов данных
16.03.2025 15:33:19	Идет сбор определяемых пользователем типов
16.03.2025 15:33:19	Идет сбор табличных типов
16.03.2025 15:33:19	Сбор уникальных ключей для табличных типов
16.03.2025 15:33:19	Идет сбор первичных ключей для табличных типов
16.03.2025 15:33:19	Сбор индексов для табличных типов
16.03.2025 15:33:19	Идет сбор проверочных ограничений для табличных типов
16.03.2025 15:33:19	Идет сбор ограничений по умолчанию для табличных типов
16.03.2025 15:33:19	Идет сбор функций секционирования
16.03.2025 15:33:19	Идет сбор схем секционирования
16.03.2025 15:33:19	Идет сбор функций
16.03.2025 15:33:19	Сбор зашифрованных функций
16.03.2025 15:33:19	Идет сбор статистических выражений
16.03.2025 15:33:19	Идет сбор процедур
16.03.2025 15:33:19	Сбор зашифрованных процедур
16.03.2025 15:33:19	Идет сбор таблиц
16.03.2025 15:33:19	Идет сбор первичных ключей
16.03.2025 15:33:19	Идет сбор ограничений уникальности
16.03.2025 15:33:19	Идет сбор внешних ключей
16.03.2025 15:33:19	Идет сбор ограничений по умолчанию
16.03.2025 15:33:19	Идет сбор проверочных ограничений
16.03.2025 15:33:19	Идет сбор представлений
16.03.2025 15:33:19	Сбор зашифрованных представлений
16.03.2025 15:33:19	Идет сбор индексов
16.03.2025 15:33:19	Идет сбор статистики
16.03.2025 15:33:19	Идет сбор списков стоп-слов полнотекстовых индексов
16.03.2025 15:33:19	Сбор списков свойств поиска
16.03.2025 15:33:19	Сбор свойств поиска
16.03.2025 15:33:19	Идет сбор полнотекстовых индексов
16.03.2025 15:33:19	Сбор индексов хранилища столбцов
16.03.2025 15:33:19	Идет сбор пространственных индексов
16.03.2025 15:33:19	Идет сбор XML-индексов
16.03.2025 15:33:19	Сбор селективных XML-индексов
16.03.2025 15:33:19	Сбор зашифрованных триггеров
16.03.2025 15:33:19	Идет сбор триггеров
16.03.2025 15:33:19	Идет сбор зашифрованных триггеров и триггеров ddl clr
16.03.2025 15:33:19	Идет сбор триггеров ddl
16.03.2025 15:33:19	Создание ограничений границы
16.03.2025 15:33:19	Идет сбор синонимов
16.03.2025 15:33:19	Идет сбор значений по умолчанию
16.03.2025 15:33:19	Идет сбор привязок uddt ограничений данных
16.03.2025 15:33:19	Идет сбор правил
16.03.2025 15:33:19	Идет сбор привязок uddt ограничений данных
16.03.2025 15:33:19	Идет сбор типов сообщений
16.03.2025 15:33:19	Идет сбор списков ожидания
16.03.2025 15:33:19	Идет сбор контрактов
16.03.2025 15:33:19	Идет сбор служб
16.03.2025 15:33:19	Идет сбор уведомлений о событиях
16.03.2025 15:33:19	Идет сбор привязок удаленных служб
16.03.2025 15:33:19	Идет сбор приоритетов брокера
16.03.2025 15:33:19	Идет сбор подписей
16.03.2025 15:33:19	Сбор параметров сжатия
16.03.2025 15:33:19	Сбор типов последовательностей
16.03.2025 15:33:19	Идет сбор политик безопасности
16.03.2025 15:33:19	Сбор ключей шифрования столбцов
16.03.2025 15:33:19	Сбор главных ключей столбцов
16.03.2025 15:33:19	Выполняется сбор внешних источников данных
16.03.2025 15:33:19	Выполняется сбор внешних форматов файлов
16.03.2025 15:33:19	Выполняется сбор внешних таблиц
16.03.2025 15:33:19	Идет сбор расширенных свойств
16.03.2025 15:33:19	Идет сбор сборок
16.03.2025 15:33:19	Идет сбор учетных данных
16.03.2025 15:33:19	Идет сбор имен входа
16.03.2025 15:33:19	Идет сбор аудитов сервера
16.03.2025 15:33:20	Выполняется проверка проекта на наличие повторяющихся элементов
16.03.2025 15:33:21	Обработка повторяющегося элемента завершена
16.03.2025 15:33:22	Импорт базы данных завершен.
16.03.2025 15:33:22	summary операции импорта была сохранена по следующему пути: C:\Users\erush\source\repos\PatPal\DataBasePatPal\Журналы импорта схем\DataBasePatPal_20250316123314.log
16.03.2025 15:33:22	Для продолжения нажмите кнопку ''Готово''...
