09.03.2025 14:44:10	Этот журнал содержит сведения об операции импорта схемы в проект "PatPalDB" на компьютере "DESKTOP-UTLB74F", выполненной пользователем "erush".
09.03.2025 14:44:11	Импорт схемы базы данных начат.
09.03.2025 14:44:16	Идет сбор учетных данных для базы данных
09.03.2025 14:44:16	Идет сбор параметров базы данных
09.03.2025 14:44:16	Собирается параметр конфигурации области универсальной базы данных
09.03.2025 14:44:16	Идет сбор пользователей
09.03.2025 14:44:16	Идет сбор ролей
09.03.2025 14:44:16	Идет сбор ролей приложений
09.03.2025 14:44:16	Идет сбор членств ролей
09.03.2025 14:44:16	Идет сбор файловых групп
09.03.2025 14:44:16	Идет сбор полнотекстовых каталогов
09.03.2025 14:44:16	Идет сбор сборок
09.03.2025 14:44:16	Идет сбор сертификатов
09.03.2025 14:44:16	Идет сбор асимметричных ключей
09.03.2025 14:44:16	Идет сбор симметричных ключей
09.03.2025 14:44:16	Идет сбор зашифрованных симметричных ключей
09.03.2025 14:44:16	Идет сбор схем
09.03.2025 14:44:16	Идет сбор коллекции схем XML
09.03.2025 14:44:16	Идет сбор определяемых пользователем типов данных
09.03.2025 14:44:16	Идет сбор определяемых пользователем типов
09.03.2025 14:44:16	Идет сбор табличных типов
09.03.2025 14:44:16	Сбор уникальных ключей для табличных типов
09.03.2025 14:44:16	Идет сбор первичных ключей для табличных типов
09.03.2025 14:44:16	Сбор индексов для табличных типов
09.03.2025 14:44:17	Идет сбор проверочных ограничений для табличных типов
09.03.2025 14:44:17	Идет сбор ограничений по умолчанию для табличных типов
09.03.2025 14:44:17	Идет сбор функций секционирования
09.03.2025 14:44:17	Идет сбор схем секционирования
09.03.2025 14:44:17	Идет сбор функций
09.03.2025 14:44:17	Сбор зашифрованных функций
09.03.2025 14:44:17	Идет сбор статистических выражений
09.03.2025 14:44:17	Идет сбор процедур
09.03.2025 14:44:17	Сбор зашифрованных процедур
09.03.2025 14:44:17	Идет сбор таблиц
09.03.2025 14:44:17	Идет сбор первичных ключей
09.03.2025 14:44:17	Идет сбор ограничений уникальности
09.03.2025 14:44:17	Идет сбор внешних ключей
09.03.2025 14:44:17	Идет сбор ограничений по умолчанию
09.03.2025 14:44:17	Идет сбор проверочных ограничений
09.03.2025 14:44:17	Идет сбор представлений
09.03.2025 14:44:17	Сбор зашифрованных представлений
09.03.2025 14:44:17	Идет сбор индексов
09.03.2025 14:44:17	Идет сбор статистики
09.03.2025 14:44:17	Идет сбор списков стоп-слов полнотекстовых индексов
09.03.2025 14:44:17	Сбор списков свойств поиска
09.03.2025 14:44:17	Сбор свойств поиска
09.03.2025 14:44:17	Идет сбор полнотекстовых индексов
09.03.2025 14:44:17	Сбор индексов хранилища столбцов
09.03.2025 14:44:17	Идет сбор пространственных индексов
09.03.2025 14:44:17	Идет сбор XML-индексов
09.03.2025 14:44:17	Сбор селективных XML-индексов
09.03.2025 14:44:17	Сбор зашифрованных триггеров
09.03.2025 14:44:17	Идет сбор триггеров
09.03.2025 14:44:17	Идет сбор зашифрованных триггеров и триггеров ddl clr
09.03.2025 14:44:17	Идет сбор триггеров ddl
09.03.2025 14:44:17	Создание ограничений границы
09.03.2025 14:44:17	Идет сбор синонимов
09.03.2025 14:44:17	Идет сбор значений по умолчанию
09.03.2025 14:44:17	Идет сбор привязок uddt ограничений данных
09.03.2025 14:44:17	Идет сбор правил
09.03.2025 14:44:17	Идет сбор привязок uddt ограничений данных
09.03.2025 14:44:17	Идет сбор типов сообщений
09.03.2025 14:44:17	Идет сбор списков ожидания
09.03.2025 14:44:17	Идет сбор контрактов
09.03.2025 14:44:17	Идет сбор служб
09.03.2025 14:44:17	Идет сбор уведомлений о событиях
09.03.2025 14:44:17	Идет сбор привязок удаленных служб
09.03.2025 14:44:17	Идет сбор приоритетов брокера
09.03.2025 14:44:17	Идет сбор подписей
09.03.2025 14:44:17	Сбор параметров сжатия
09.03.2025 14:44:17	Сбор типов последовательностей
09.03.2025 14:44:17	Идет сбор политик безопасности
09.03.2025 14:44:17	Сбор ключей шифрования столбцов
09.03.2025 14:44:17	Сбор главных ключей столбцов
09.03.2025 14:44:17	Выполняется сбор внешних источников данных
09.03.2025 14:44:17	Выполняется сбор внешних форматов файлов
09.03.2025 14:44:17	Выполняется сбор внешних таблиц
09.03.2025 14:44:17	Идет сбор расширенных свойств
09.03.2025 14:44:17	Идет сбор сборок
09.03.2025 14:44:17	Идет сбор учетных данных
09.03.2025 14:44:17	Идет сбор имен входа
09.03.2025 14:44:17	Идет сбор аудитов сервера
09.03.2025 14:44:17	Выполняется проверка проекта на наличие повторяющихся элементов
09.03.2025 14:44:17	Обработка повторяющегося элемента завершена
09.03.2025 14:44:17	Импорт базы данных завершен.
09.03.2025 14:44:17	summary операции импорта была сохранена по следующему пути: C:\Users\erush\source\repos\PatPal\PatPalDB\Журналы импорта схем\PatPalDB_20250309114410.log
09.03.2025 14:44:17	Для продолжения нажмите кнопку ''Готово''...
