09.03.2025 14:35:16	Этот журнал содержит сведения об операции импорта схемы в проект "DBO" на компьютере "DESKTOP-UTLB74F", выполненной пользователем "erush".
09.03.2025 14:35:16	Импорт схемы базы данных начат.
09.03.2025 14:35:17	Идет сбор сообщений об ошибках
09.03.2025 14:35:17	Идет сбор поставщиков служб шифрования
09.03.2025 14:35:17	Идет сбор учетных данных
09.03.2025 14:35:17	Идет сбор имен входа
09.03.2025 14:35:17	Сбор ролей сервера
09.03.2025 14:35:17	Идет сбор членств ролей сервера
09.03.2025 14:35:17	Идет сбор связанных серверов
09.03.2025 14:35:17	Идет сбор имен входа на связанный сервер
09.03.2025 14:35:17	Идет сбор маршрутов
09.03.2025 14:35:17	Идет сбор триггеров ddl
09.03.2025 14:35:17	Идет сбор зашифрованных триггеров и триггеров ddl clr
09.03.2025 14:35:17	Идет сбор уведомлений о событиях
09.03.2025 14:35:17	Идет сбор аудитов сервера
09.03.2025 14:35:17	Идет сбор спецификаций аудита сервера
09.03.2025 14:35:17	Идет сбор уведомлений о событиях
09.03.2025 14:35:21	Идет сбор учетных данных для базы данных
09.03.2025 14:35:21	Идет сбор параметров базы данных
09.03.2025 14:35:21	Собирается параметр конфигурации области универсальной базы данных
09.03.2025 14:35:21	Идет сбор пользователей
09.03.2025 14:35:21	Идет сбор ролей
09.03.2025 14:35:21	Идет сбор ролей приложений
09.03.2025 14:35:21	Идет сбор членств ролей
09.03.2025 14:35:21	Идет сбор файловых групп
09.03.2025 14:35:21	Идет сбор файлов
09.03.2025 14:35:21	Идет сбор полнотекстовых каталогов
09.03.2025 14:35:21	Идет сбор сборок
09.03.2025 14:35:21	Идет сбор сертификатов
09.03.2025 14:35:21	Идет сбор асимметричных ключей
09.03.2025 14:35:21	Идет сбор симметричных ключей
09.03.2025 14:35:21	Идет сбор зашифрованных симметричных ключей
09.03.2025 14:35:21	Идет сбор ключей шифрования базы данных
09.03.2025 14:35:21	Идет сбор схем
09.03.2025 14:35:21	Идет сбор коллекции схем XML
09.03.2025 14:35:21	Идет сбор определяемых пользователем типов данных
09.03.2025 14:35:21	Идет сбор определяемых пользователем типов
09.03.2025 14:35:21	Идет сбор табличных типов
09.03.2025 14:35:21	Сбор уникальных ключей для табличных типов
09.03.2025 14:35:21	Идет сбор первичных ключей для табличных типов
09.03.2025 14:35:21	Сбор индексов для табличных типов
09.03.2025 14:35:21	Идет сбор проверочных ограничений для табличных типов
09.03.2025 14:35:21	Идет сбор ограничений по умолчанию для табличных типов
09.03.2025 14:35:21	Идет сбор функций секционирования
09.03.2025 14:35:21	Идет сбор схем секционирования
09.03.2025 14:35:21	Идет сбор функций
09.03.2025 14:35:21	Сбор зашифрованных функций
09.03.2025 14:35:21	Идет сбор статистических выражений
09.03.2025 14:35:21	Идет сбор процедур
09.03.2025 14:35:21	Сбор зашифрованных процедур
09.03.2025 14:35:21	Идет сбор таблиц
09.03.2025 14:35:22	Идет сбор первичных ключей
09.03.2025 14:35:22	Идет сбор ограничений уникальности
09.03.2025 14:35:22	Идет сбор внешних ключей
09.03.2025 14:35:22	Идет сбор ограничений по умолчанию
09.03.2025 14:35:22	Идет сбор проверочных ограничений
09.03.2025 14:35:22	Идет сбор представлений
09.03.2025 14:35:22	Сбор зашифрованных представлений
09.03.2025 14:35:22	Идет сбор индексов
09.03.2025 14:35:22	Идет сбор статистики
09.03.2025 14:35:22	Идет сбор списков стоп-слов полнотекстовых индексов
09.03.2025 14:35:22	Сбор списков свойств поиска
09.03.2025 14:35:22	Сбор свойств поиска
09.03.2025 14:35:22	Идет сбор полнотекстовых индексов
09.03.2025 14:35:22	Сбор индексов хранилища столбцов
09.03.2025 14:35:23	Идет сбор пространственных индексов
09.03.2025 14:35:23	Идет сбор XML-индексов
09.03.2025 14:35:23	Сбор селективных XML-индексов
09.03.2025 14:35:23	Сбор зашифрованных триггеров
09.03.2025 14:35:23	Идет сбор триггеров
09.03.2025 14:35:23	Идет сбор зашифрованных триггеров и триггеров ddl clr
09.03.2025 14:35:23	Идет сбор триггеров ddl
09.03.2025 14:35:23	Создание ограничений границы
09.03.2025 14:35:23	Идет сбор синонимов
09.03.2025 14:35:23	Идет сбор значений по умолчанию
09.03.2025 14:35:23	Идет сбор привязок uddt ограничений данных
09.03.2025 14:35:23	Идет сбор правил
09.03.2025 14:35:23	Идет сбор привязок uddt ограничений данных
09.03.2025 14:35:23	Идет сбор типов сообщений
09.03.2025 14:35:23	Идет сбор списков ожидания
09.03.2025 14:35:23	Идет сбор контрактов
09.03.2025 14:35:23	Идет сбор служб
09.03.2025 14:35:23	Идет сбор маршрутов
09.03.2025 14:35:23	Идет сбор уведомлений о событиях
09.03.2025 14:35:23	Идет сбор привязок удаленных служб
09.03.2025 14:35:23	Идет сбор приоритетов брокера
09.03.2025 14:35:23	Идет сбор спецификаций аудита базы данных
09.03.2025 14:35:23	Идет сбор подписей
09.03.2025 14:35:23	Сбор параметров сжатия
09.03.2025 14:35:23	Сбор типов последовательностей
09.03.2025 14:35:23	Идет сбор политик безопасности
09.03.2025 14:35:23	Сбор ключей шифрования столбцов
09.03.2025 14:35:23	Сбор главных ключей столбцов
09.03.2025 14:35:23	Выполняется сбор внешних источников данных
09.03.2025 14:35:23	Выполняется сбор внешних форматов файлов
09.03.2025 14:35:23	Выполняется сбор внешних таблиц
09.03.2025 14:35:23	Идет сбор расширенных свойств
09.03.2025 14:35:23	Идет сбор сборок
09.03.2025 14:35:24	Выполняется проверка проекта на наличие повторяющихся элементов
09.03.2025 14:35:24	Обработка повторяющегося элемента завершена
09.03.2025 14:35:24	Импорт базы данных завершен.
09.03.2025 14:35:24	summary операции импорта была сохранена по следующему пути: C:\Users\erush\source\repos\PatPal\DBO\Журналы импорта схем\DBO_20250309113516.log
09.03.2025 14:35:24	Для продолжения нажмите кнопку ''Готово''...
